{"/home/vinicius/www/bootcamp-gostack/appgobarber/src/assets/logo.png": {"path":"/home/vinicius/www/bootcamp-gostack/appgobarber/src/assets/logo.png","statementMap":{"0":{"start":{"line":1,"column":0},"end":{"line":4,"column":6}}},"fnMap":{},"branchMap":{},"s":{"0":1},"f":{},"b":{},"inputSourceMap":null,"_coverageSchema":"1a1c01bbd47fc00a2c39e90264f33305004495a9","hash":"68683ebda102d11d5df717aae8262492f4d551a7"}
,"/home/vinicius/www/bootcamp-gostack/appgobarber/src/components/Button/index.tsx": {"path":"/home/vinicius/www/bootcamp-gostack/appgobarber/src/components/Button/index.tsx","statementMap":{"0":{"start":{"line":10,"column":38},"end":{"line":16,"column":1}},"1":{"start":{"line":11,"column":2},"end":{"line":15,"column":4}}},"fnMap":{"0":{"name":"(anonymous_0)","decl":{"start":{"line":10,"column":38},"end":{"line":10,"column":39}},"loc":{"start":{"line":10,"column":65},"end":{"line":16,"column":1}},"line":10}},"branchMap":{},"s":{"0":1,"1":1},"f":{"0":1},"b":{},"_coverageSchema":"1a1c01bbd47fc00a2c39e90264f33305004495a9","hash":"1b50b3b413c61b5413b3ce0a6d64132774f490a1"}
,"/home/vinicius/www/bootcamp-gostack/appgobarber/src/components/Button/styles.ts": {"path":"/home/vinicius/www/bootcamp-gostack/appgobarber/src/components/Button/styles.ts","statementMap":{"0":{"start":{"line":4,"column":25},"end":{"line":12,"column":1}},"1":{"start":{"line":14,"column":26},"end":{"line":18,"column":1}}},"fnMap":{},"branchMap":{},"s":{"0":1,"1":1},"f":{},"b":{},"_coverageSchema":"1a1c01bbd47fc00a2c39e90264f33305004495a9","hash":"507f7676e5f4d2bef94893e584aad3930a02cbcc"}
,"/home/vinicius/www/bootcamp-gostack/appgobarber/src/components/Input/index.tsx": {"path":"/home/vinicius/www/bootcamp-gostack/appgobarber/src/components/Input/index.tsx","statementMap":{"0":{"start":{"line":28,"column":68},"end":{"line":93,"column":1}},"1":{"start":{"line":32,"column":26},"end":{"line":32,"column":43}},"2":{"start":{"line":34,"column":65},"end":{"line":34,"column":79}},"3":{"start":{"line":35,"column":24},"end":{"line":35,"column":76}},"4":{"start":{"line":37,"column":36},"end":{"line":37,"column":51}},"5":{"start":{"line":38,"column":34},"end":{"line":38,"column":49}},"6":{"start":{"line":40,"column":27},"end":{"line":42,"column":8}},"7":{"start":{"line":41,"column":4},"end":{"line":41,"column":23}},"8":{"start":{"line":44,"column":26},"end":{"line":48,"column":8}},"9":{"start":{"line":45,"column":4},"end":{"line":45,"column":24}},"10":{"start":{"line":47,"column":4},"end":{"line":47,"column":47}},"11":{"start":{"line":50,"column":2},"end":{"line":54,"column":6}},"12":{"start":{"line":50,"column":34},"end":{"line":54,"column":3}},"13":{"start":{"line":52,"column":6},"end":{"line":52,"column":38}},"14":{"start":{"line":56,"column":2},"end":{"line":70,"column":33}},"15":{"start":{"line":57,"column":4},"end":{"line":69,"column":7}},"16":{"start":{"line":62,"column":8},"end":{"line":62,"column":44}},"17":{"start":{"line":63,"column":8},"end":{"line":63,"column":64}},"18":{"start":{"line":66,"column":8},"end":{"line":66,"column":41}},"19":{"start":{"line":67,"column":8},"end":{"line":67,"column":40}},"20":{"start":{"line":72,"column":2},"end":{"line":92,"column":4}},"21":{"start":{"line":87,"column":10},"end":{"line":87,"column":46}}},"fnMap":{"0":{"name":"(anonymous_0)","decl":{"start":{"line":28,"column":68},"end":{"line":28,"column":69}},"loc":{"start":{"line":31,"column":5},"end":{"line":93,"column":1}},"line":31},"1":{"name":"(anonymous_1)","decl":{"start":{"line":40,"column":39},"end":{"line":40,"column":40}},"loc":{"start":{"line":40,"column":45},"end":{"line":42,"column":3}},"line":40},"2":{"name":"(anonymous_2)","decl":{"start":{"line":44,"column":38},"end":{"line":44,"column":39}},"loc":{"start":{"line":44,"column":44},"end":{"line":48,"column":3}},"line":44},"3":{"name":"(anonymous_3)","decl":{"start":{"line":50,"column":27},"end":{"line":50,"column":28}},"loc":{"start":{"line":50,"column":34},"end":{"line":54,"column":3}},"line":50},"4":{"name":"(anonymous_4)","decl":{"start":{"line":51,"column":4},"end":{"line":51,"column":5}},"loc":{"start":{"line":51,"column":12},"end":{"line":53,"column":5}},"line":51},"5":{"name":"(anonymous_5)","decl":{"start":{"line":56,"column":12},"end":{"line":56,"column":13}},"loc":{"start":{"line":56,"column":18},"end":{"line":70,"column":3}},"line":56},"6":{"name":"(anonymous_6)","decl":{"start":{"line":61,"column":6},"end":{"line":61,"column":7}},"loc":{"start":{"line":61,"column":32},"end":{"line":64,"column":7}},"line":61},"7":{"name":"(anonymous_7)","decl":{"start":{"line":65,"column":6},"end":{"line":65,"column":7}},"loc":{"start":{"line":65,"column":19},"end":{"line":68,"column":7}},"line":65},"8":{"name":"(anonymous_8)","decl":{"start":{"line":86,"column":22},"end":{"line":86,"column":23}},"loc":{"start":{"line":86,"column":31},"end":{"line":88,"column":9}},"line":86}},"branchMap":{"0":{"loc":{"start":{"line":29,"column":16},"end":{"line":29,"column":35}},"type":"default-arg","locations":[{"start":{"line":29,"column":33},"end":{"line":29,"column":35}}],"line":29},"1":{"loc":{"start":{"line":34,"column":25},"end":{"line":34,"column":42}},"type":"default-arg","locations":[{"start":{"line":34,"column":40},"end":{"line":34,"column":42}}],"line":34},"2":{"loc":{"start":{"line":77,"column":15},"end":{"line":77,"column":60}},"type":"cond-expr","locations":[{"start":{"line":77,"column":39},"end":{"line":77,"column":48}},{"start":{"line":77,"column":51},"end":{"line":77,"column":60}}],"line":77},"3":{"loc":{"start":{"line":77,"column":15},"end":{"line":77,"column":36}},"type":"binary-expr","locations":[{"start":{"line":77,"column":15},"end":{"line":77,"column":24}},{"start":{"line":77,"column":28},"end":{"line":77,"column":36}}],"line":77}},"s":{"0":1,"1":2,"2":2,"3":2,"4":2,"5":2,"6":2,"7":0,"8":2,"9":0,"10":0,"11":2,"12":1,"13":0,"14":2,"15":2,"16":0,"17":0,"18":0,"19":0,"20":2,"21":0},"f":{"0":2,"1":0,"2":0,"3":1,"4":0,"5":2,"6":0,"7":0,"8":0},"b":{"0":[2],"1":[2],"2":[0,2],"3":[2,2]},"_coverageSchema":"1a1c01bbd47fc00a2c39e90264f33305004495a9","hash":"9430c2d863181949b6dcc601f7e7bf9e12bb861b"}
,"/home/vinicius/www/bootcamp-gostack/appgobarber/src/components/Input/styles.ts": {"path":"/home/vinicius/www/bootcamp-gostack/appgobarber/src/components/Input/styles.ts","statementMap":{"0":{"start":{"line":9,"column":25},"end":{"line":33,"column":1}},"1":{"start":{"line":23,"column":4},"end":{"line":26,"column":5}},"2":{"start":{"line":29,"column":4},"end":{"line":32,"column":5}},"3":{"start":{"line":35,"column":25},"end":{"line":40,"column":1}},"4":{"start":{"line":42,"column":20},"end":{"line":44,"column":1}}},"fnMap":{"0":{"name":"(anonymous_0)","decl":{"start":{"line":22,"column":4},"end":{"line":22,"column":5}},"loc":{"start":{"line":23,"column":4},"end":{"line":26,"column":5}},"line":23},"1":{"name":"(anonymous_1)","decl":{"start":{"line":28,"column":4},"end":{"line":28,"column":5}},"loc":{"start":{"line":29,"column":4},"end":{"line":32,"column":5}},"line":29}},"branchMap":{"0":{"loc":{"start":{"line":23,"column":4},"end":{"line":26,"column":5}},"type":"binary-expr","locations":[{"start":{"line":23,"column":4},"end":{"line":23,"column":19}},{"start":{"line":24,"column":4},"end":{"line":26,"column":5}}],"line":23},"1":{"loc":{"start":{"line":29,"column":4},"end":{"line":32,"column":5}},"type":"binary-expr","locations":[{"start":{"line":29,"column":4},"end":{"line":29,"column":19}},{"start":{"line":30,"column":4},"end":{"line":32,"column":5}}],"line":29}},"s":{"0":1,"1":2,"2":2,"3":1,"4":1},"f":{"0":2,"1":2},"b":{"0":[2,0],"1":[2,0]},"_coverageSchema":"1a1c01bbd47fc00a2c39e90264f33305004495a9","hash":"3e4dff96cf2485e3ec670fb83a1785da0fd76808"}
,"/home/vinicius/www/bootcamp-gostack/appgobarber/src/hooks/AuthContext.tsx": {"path":"/home/vinicius/www/bootcamp-gostack/appgobarber/src/hooks/AuthContext.tsx","statementMap":{"0":{"start":{"line":36,"column":20},"end":{"line":36,"column":73}},"1":{"start":{"line":38,"column":31},"end":{"line":103,"column":1}},"2":{"start":{"line":39,"column":26},"end":{"line":39,"column":62}},"3":{"start":{"line":40,"column":32},"end":{"line":40,"column":46}},"4":{"start":{"line":42,"column":2},"end":{"line":58,"column":9}},"5":{"start":{"line":44,"column":28},"end":{"line":47,"column":8}},"6":{"start":{"line":49,"column":6},"end":{"line":52,"column":7}},"7":{"start":{"line":50,"column":8},"end":{"line":50,"column":66}},"8":{"start":{"line":51,"column":8},"end":{"line":51,"column":64}},"9":{"start":{"line":54,"column":6},"end":{"line":54,"column":24}},"10":{"start":{"line":57,"column":4},"end":{"line":57,"column":22}},"11":{"start":{"line":60,"column":17},"end":{"line":76,"column":8}},"12":{"start":{"line":61,"column":21},"end":{"line":64,"column":6}},"13":{"start":{"line":66,"column":28},"end":{"line":66,"column":41}},"14":{"start":{"line":68,"column":4},"end":{"line":71,"column":7}},"15":{"start":{"line":73,"column":4},"end":{"line":73,"column":59}},"16":{"start":{"line":75,"column":4},"end":{"line":75,"column":29}},"17":{"start":{"line":78,"column":18},"end":{"line":82,"column":8}},"18":{"start":{"line":79,"column":4},"end":{"line":79,"column":74}},"19":{"start":{"line":81,"column":4},"end":{"line":81,"column":29}},"20":{"start":{"line":84,"column":21},"end":{"line":94,"column":3}},"21":{"start":{"line":86,"column":6},"end":{"line":86,"column":73}},"22":{"start":{"line":88,"column":6},"end":{"line":91,"column":9}},"23":{"start":{"line":96,"column":2},"end":{"line":102,"column":4}},"24":{"start":{"line":106,"column":18},"end":{"line":106,"column":41}},"25":{"start":{"line":108,"column":2},"end":{"line":110,"column":3}},"26":{"start":{"line":109,"column":4},"end":{"line":109,"column":67}},"27":{"start":{"line":112,"column":2},"end":{"line":112,"column":17}}},"fnMap":{"0":{"name":"(anonymous_0)","decl":{"start":{"line":38,"column":31},"end":{"line":38,"column":32}},"loc":{"start":{"line":38,"column":49},"end":{"line":103,"column":1}},"line":38},"1":{"name":"(anonymous_1)","decl":{"start":{"line":42,"column":12},"end":{"line":42,"column":13}},"loc":{"start":{"line":42,"column":18},"end":{"line":58,"column":3}},"line":42},"2":{"name":"loadStorageData","decl":{"start":{"line":43,"column":19},"end":{"line":43,"column":34}},"loc":{"start":{"line":43,"column":52},"end":{"line":55,"column":5}},"line":43},"3":{"name":"(anonymous_3)","decl":{"start":{"line":60,"column":29},"end":{"line":60,"column":30}},"loc":{"start":{"line":60,"column":60},"end":{"line":76,"column":3}},"line":60},"4":{"name":"(anonymous_4)","decl":{"start":{"line":78,"column":30},"end":{"line":78,"column":31}},"loc":{"start":{"line":78,"column":42},"end":{"line":82,"column":3}},"line":78},"5":{"name":"(anonymous_5)","decl":{"start":{"line":85,"column":4},"end":{"line":85,"column":5}},"loc":{"start":{"line":85,"column":26},"end":{"line":92,"column":5}},"line":85},"6":{"name":"useAuth","decl":{"start":{"line":105,"column":9},"end":{"line":105,"column":16}},"loc":{"start":{"line":105,"column":36},"end":{"line":113,"column":1}},"line":105}},"branchMap":{"0":{"loc":{"start":{"line":49,"column":6},"end":{"line":52,"column":7}},"type":"if","locations":[{"start":{"line":49,"column":6},"end":{"line":52,"column":7}},{"start":{"line":49,"column":6},"end":{"line":52,"column":7}}],"line":49},"1":{"loc":{"start":{"line":49,"column":10},"end":{"line":49,"column":29}},"type":"binary-expr","locations":[{"start":{"line":49,"column":10},"end":{"line":49,"column":18}},{"start":{"line":49,"column":22},"end":{"line":49,"column":29}}],"line":49},"2":{"loc":{"start":{"line":108,"column":2},"end":{"line":110,"column":3}},"type":"if","locations":[{"start":{"line":108,"column":2},"end":{"line":110,"column":3}},{"start":{"line":108,"column":2},"end":{"line":110,"column":3}}],"line":108}},"s":{"0":1,"1":1,"2":0,"3":0,"4":0,"5":0,"6":0,"7":0,"8":0,"9":0,"10":0,"11":0,"12":0,"13":0,"14":0,"15":0,"16":0,"17":0,"18":0,"19":0,"20":0,"21":0,"22":0,"23":0,"24":1,"25":1,"26":0,"27":1},"f":{"0":0,"1":0,"2":0,"3":0,"4":0,"5":0,"6":1},"b":{"0":[0,0],"1":[0,0],"2":[0,1]},"_coverageSchema":"1a1c01bbd47fc00a2c39e90264f33305004495a9","hash":"bd9f47d33e2af2dcf0ffea1110025ecc105f5e82"}
,"/home/vinicius/www/bootcamp-gostack/appgobarber/src/pages/SignIn/index.tsx": {"path":"/home/vinicius/www/bootcamp-gostack/appgobarber/src/pages/SignIn/index.tsx","statementMap":{"0":{"start":{"line":39,"column":25},"end":{"line":146,"column":1}},"1":{"start":{"line":40,"column":18},"end":{"line":40,"column":43}},"2":{"start":{"line":41,"column":27},"end":{"line":41,"column":50}},"3":{"start":{"line":42,"column":21},"end":{"line":42,"column":36}},"4":{"start":{"line":44,"column":21},"end":{"line":44,"column":30}},"5":{"start":{"line":46,"column":23},"end":{"line":82,"column":3}},"6":{"start":{"line":48,"column":6},"end":{"line":79,"column":7}},"7":{"start":{"line":49,"column":8},"end":{"line":49,"column":39}},"8":{"start":{"line":51,"column":23},"end":{"line":56,"column":10}},"9":{"start":{"line":58,"column":8},"end":{"line":60,"column":11}},"10":{"start":{"line":62,"column":8},"end":{"line":65,"column":11}},"11":{"start":{"line":67,"column":8},"end":{"line":73,"column":9}},"12":{"start":{"line":68,"column":25},"end":{"line":68,"column":49}},"13":{"start":{"line":70,"column":10},"end":{"line":70,"column":45}},"14":{"start":{"line":72,"column":10},"end":{"line":72,"column":17}},"15":{"start":{"line":75,"column":8},"end":{"line":78,"column":10}},"16":{"start":{"line":84,"column":2},"end":{"line":145,"column":4}},"17":{"start":{"line":109,"column":18},"end":{"line":109,"column":52}},"18":{"start":{"line":120,"column":18},"end":{"line":120,"column":48}},"19":{"start":{"line":126,"column":18},"end":{"line":126,"column":48}},"20":{"start":{"line":140,"column":42},"end":{"line":140,"column":71}}},"fnMap":{"0":{"name":"(anonymous_0)","decl":{"start":{"line":39,"column":25},"end":{"line":39,"column":26}},"loc":{"start":{"line":39,"column":31},"end":{"line":146,"column":1}},"line":39},"1":{"name":"(anonymous_1)","decl":{"start":{"line":47,"column":4},"end":{"line":47,"column":5}},"loc":{"start":{"line":47,"column":36},"end":{"line":80,"column":5}},"line":47},"2":{"name":"(anonymous_2)","decl":{"start":{"line":108,"column":33},"end":{"line":108,"column":34}},"loc":{"start":{"line":108,"column":39},"end":{"line":110,"column":17}},"line":108},"3":{"name":"(anonymous_3)","decl":{"start":{"line":119,"column":33},"end":{"line":119,"column":34}},"loc":{"start":{"line":119,"column":39},"end":{"line":121,"column":17}},"line":119},"4":{"name":"(anonymous_4)","decl":{"start":{"line":125,"column":25},"end":{"line":125,"column":26}},"loc":{"start":{"line":125,"column":31},"end":{"line":127,"column":17}},"line":125},"5":{"name":"(anonymous_5)","decl":{"start":{"line":133,"column":37},"end":{"line":133,"column":38}},"loc":{"start":{"line":133,"column":43},"end":{"line":133,"column":45}},"line":133},"6":{"name":"(anonymous_6)","decl":{"start":{"line":140,"column":36},"end":{"line":140,"column":37}},"loc":{"start":{"line":140,"column":42},"end":{"line":140,"column":71}},"line":140}},"branchMap":{"0":{"loc":{"start":{"line":67,"column":8},"end":{"line":73,"column":9}},"type":"if","locations":[{"start":{"line":67,"column":8},"end":{"line":73,"column":9}},{"start":{"line":67,"column":8},"end":{"line":73,"column":9}}],"line":67},"1":{"loc":{"start":{"line":88,"column":18},"end":{"line":88,"column":63}},"type":"cond-expr","locations":[{"start":{"line":88,"column":42},"end":{"line":88,"column":51}},{"start":{"line":88,"column":54},"end":{"line":88,"column":63}}],"line":88}},"s":{"0":1,"1":1,"2":1,"3":1,"4":1,"5":1,"6":0,"7":0,"8":0,"9":0,"10":0,"11":0,"12":0,"13":0,"14":0,"15":0,"16":1,"17":0,"18":0,"19":0,"20":0},"f":{"0":1,"1":0,"2":0,"3":0,"4":0,"5":0,"6":0},"b":{"0":[0,0],"1":[1,0]},"_coverageSchema":"1a1c01bbd47fc00a2c39e90264f33305004495a9","hash":"50c0bdeb77e42a919b8b666132e9f07dd69808d7"}
,"/home/vinicius/www/bootcamp-gostack/appgobarber/src/pages/SignIn/styles.ts": {"path":"/home/vinicius/www/bootcamp-gostack/appgobarber/src/pages/SignIn/styles.ts","statementMap":{"0":{"start":{"line":5,"column":25},"end":{"line":10,"column":1}},"1":{"start":{"line":12,"column":21},"end":{"line":17,"column":1}},"2":{"start":{"line":19,"column":30},"end":{"line":21,"column":1}},"3":{"start":{"line":23,"column":34},"end":{"line":27,"column":1}},"4":{"start":{"line":29,"column":35},"end":{"line":42,"column":1}},"5":{"start":{"line":44,"column":39},"end":{"line":49,"column":1}}},"fnMap":{},"branchMap":{"0":{"loc":{"start":{"line":9,"column":20},"end":{"line":9,"column":54}},"type":"cond-expr","locations":[{"start":{"line":9,"column":48},"end":{"line":9,"column":49}},{"start":{"line":9,"column":52},"end":{"line":9,"column":54}}],"line":9}},"s":{"0":1,"1":1,"2":1,"3":1,"4":1,"5":1},"f":{},"b":{"0":[0,1]},"_coverageSchema":"1a1c01bbd47fc00a2c39e90264f33305004495a9","hash":"1ed37914a9c31fce4ef0b57ef5438818f1cecf2e"}
,"/home/vinicius/www/bootcamp-gostack/appgobarber/src/services/api.ts": {"path":"/home/vinicius/www/bootcamp-gostack/appgobarber/src/services/api.ts","statementMap":{"0":{"start":{"line":3,"column":12},"end":{"line":5,"column":2}}},"fnMap":{},"branchMap":{},"s":{"0":1},"f":{},"b":{},"_coverageSchema":"1a1c01bbd47fc00a2c39e90264f33305004495a9","hash":"2dad7b02fc7dd8ea1a8fea9c8d1cf82bd8cc0684"}
,"/home/vinicius/www/bootcamp-gostack/appgobarber/src/utils/getValidationErrors.ts": {"path":"/home/vinicius/www/bootcamp-gostack/appgobarber/src/utils/getValidationErrors.ts","statementMap":{"0":{"start":{"line":8,"column":35},"end":{"line":8,"column":37}},"1":{"start":{"line":10,"column":2},"end":{"line":12,"column":5}},"2":{"start":{"line":11,"column":4},"end":{"line":11,"column":49}},"3":{"start":{"line":14,"column":2},"end":{"line":14,"column":26}}},"fnMap":{"0":{"name":"getValidationErrors","decl":{"start":{"line":7,"column":24},"end":{"line":7,"column":43}},"loc":{"start":{"line":7,"column":74},"end":{"line":15,"column":1}},"line":7},"1":{"name":"(anonymous_1)","decl":{"start":{"line":10,"column":20},"end":{"line":10,"column":21}},"loc":{"start":{"line":10,"column":29},"end":{"line":12,"column":3}},"line":10}},"branchMap":{},"s":{"0":0,"1":0,"2":0,"3":0},"f":{"0":0,"1":0},"b":{},"_coverageSchema":"1a1c01bbd47fc00a2c39e90264f33305004495a9","hash":"8613fdc4c7ed2f0cad56c26d1ae73f5f78f73842"}
}
